# JRE version: OpenJDK Runtime Environment (22.0+36) (build 22+36-2370)
# Java VM: OpenJDK 64-Bit Server VM (22+36-2370, mixed mode, sharing, tiered, compressed oops, compressed class ptrs, g1 gc, windows-amd64)
GC Precious Log:
 CardTable entry size: 512
 Card Set container configuration: InlinePtr #cards 4 size 8 Array Of Cards #cards 32 size 80 Howl #buckets 8 coarsen threshold 7372 Howl Bitmap #cards 1024 size 144 coarsen threshold 921 Card regions per heap region 1 cards per card region 8192
 CPUs: 8 total, 8 available
 Memory: 20301M
 Large Page Support: Disabled
 NUMA Support: Disabled
 Compressed Oops: Enabled (Zero based)
 Heap Region Size: 4M
 Heap Min Capacity: 8M
 Heap Initial Capacity: 320M
 Heap Max Capacity: 5076M
 Pre-touch: Disabled
 Parallel Workers: 8
 Concurrent Workers: 2
 Concurrent Refinement Workers: 8
 Periodic GC: Disabled
Heap:
 garbage-first heap   total reserved 5197824K, committed 98304K, used 49235K [0x00000006c2c00000, 0x0000000800000000)
  region size 4096K, 8 young (32768K), 2 survivors (8192K)
 Metaspace       used 64090K, committed 64832K, reserved 1114112K
  class space    used 8948K, committed 9280K, reserved 1048576K
GC Heap History (20 events):
Event: 19.411 GC heap before
{Heap before GC invocations=6 (full 0):
 garbage-first heap   total reserved 5197824K, committed 40960K, used 32233K [0x00000006c2c00000, 0x0000000800000000)
  region size 4096K, 5 young (20480K), 1 survivors (4096K)
 Metaspace       used 29696K, committed 30144K, reserved 1114112K
  class space    used 3813K, committed 4032K, reserved 1048576K
}
Event: 19.418 GC heap after
{Heap after GC invocations=7 (full 0):
 garbage-first heap   total reserved 5197824K, committed 40960K, used 16976K [0x00000006c2c00000, 0x0000000800000000)
  region size 4096K, 1 young (4096K), 1 survivors (4096K)
 Metaspace       used 29696K, committed 30144K, reserved 1114112K
  class space    used 3813K, committed 4032K, reserved 1048576K
}
Event: 20.170 GC heap before
{Heap before GC invocations=7 (full 0):
 garbage-first heap   total reserved 5197824K, committed 40960K, used 29264K [0x00000006c2c00000, 0x0000000800000000)
  region size 4096K, 4 young (16384K), 1 survivors (4096K)
 Metaspace       used 31883K, committed 32384K, reserved 1114112K
  class space    used 4134K, committed 4352K, reserved 1048576K
}
Event: 20.177 GC heap after
{Heap after GC invocations=8 (full 0):
 garbage-first heap   total reserved 5197824K, committed 40960K, used 18470K [0x00000006c2c00000, 0x0000000800000000)
  region size 4096K, 1 young (4096K), 1 survivors (4096K)
 Metaspace       used 31883K, committed 32384K, reserved 1114112K
  class space    used 4134K, committed 4352K, reserved 1048576K
}
Event: 20.840 GC heap before
{Heap before GC invocations=8 (full 0):
 garbage-first heap   total reserved 5197824K, committed 40960K, used 30758K [0x00000006c2c00000, 0x0000000800000000)
  region size 4096K, 4 young (16384K), 1 survivors (4096K)
 Metaspace       used 34032K, committed 34560K, reserved 1114112K
  class space    used 4439K, committed 4672K, reserved 1048576K
}
Event: 20.848 GC heap after
{Heap after GC invocations=9 (full 0):
 garbage-first heap   total reserved 5197824K, committed 40960K, used 20058K [0x00000006c2c00000, 0x0000000800000000)
  region size 4096K, 1 young (4096K), 1 survivors (4096K)
 Metaspace       used 34032K, committed 34560K, reserved 1114112K
  class space    used 4439K, committed 4672K, reserved 1048576K
}
Event: 21.705 GC heap before
{Heap before GC invocations=9 (full 0):
 garbage-first heap   total reserved 5197824K, committed 40960K, used 28250K [0x00000006c2c00000, 0x0000000800000000)
  region size 4096K, 4 young (16384K), 1 survivors (4096K)
 Metaspace       used 35652K, committed 36160K, reserved 1114112K
  class space    used 4672K, committed 4928K, reserved 1048576K
}
Event: 21.712 GC heap after
{Heap after GC invocations=10 (full 0):
 garbage-first heap   total reserved 5197824K, committed 40960K, used 21138K [0x00000006c2c00000, 0x0000000800000000)
  region size 4096K, 1 young (4096K), 1 survivors (4096K)
 Metaspace       used 35652K, committed 36160K, reserved 1114112K
  class space    used 4672K, committed 4928K, reserved 1048576K
}
Event: 22.939 GC heap before
{Heap before GC invocations=11 (full 0):
 garbage-first heap   total reserved 5197824K, committed 40960K, used 33426K [0x00000006c2c00000, 0x0000000800000000)
  region size 4096K, 4 young (16384K), 1 survivors (4096K)
 Metaspace       used 39169K, committed 39744K, reserved 1114112K
  class space    used 5194K, committed 5440K, reserved 1048576K
}
Event: 22.945 GC heap after
{Heap after GC invocations=12 (full 0):
 garbage-first heap   total reserved 5197824K, committed 40960K, used 21824K [0x00000006c2c00000, 0x0000000800000000)
  region size 4096K, 1 young (4096K), 1 survivors (4096K)
 Metaspace       used 39169K, committed 39744K, reserved 1114112K
  class space    used 5194K, committed 5440K, reserved 1048576K
}
Event: 23.864 GC heap before
{Heap before GC invocations=12 (full 0):
 garbage-first heap   total reserved 5197824K, committed 40960K, used 34112K [0x00000006c2c00000, 0x0000000800000000)
  region size 4096K, 4 young (16384K), 1 survivors (4096K)
 Metaspace       used 42153K, committed 42752K, reserved 1114112K
  class space    used 5706K, committed 5952K, reserved 1048576K
}
Event: 23.873 GC heap after
{Heap after GC invocations=13 (full 0):
 garbage-first heap   total reserved 5197824K, committed 45056K, used 21719K [0x00000006c2c00000, 0x0000000800000000)
  region size 4096K, 1 young (4096K), 1 survivors (4096K)
 Metaspace       used 42153K, committed 42752K, reserved 1114112K
  class space    used 5706K, committed 5952K, reserved 1048576K
}
Event: 24.927 GC heap before
{Heap before GC invocations=13 (full 0):
 garbage-first heap   total reserved 5197824K, committed 45056K, used 34007K [0x00000006c2c00000, 0x0000000800000000)
  region size 4096K, 4 young (16384K), 1 survivors (4096K)
 Metaspace       used 44386K, committed 44992K, reserved 1114112K
  class space    used 6012K, committed 6272K, reserved 1048576K
}
Event: 24.934 GC heap after
{Heap after GC invocations=14 (full 0):
 garbage-first heap   total reserved 5197824K, committed 45056K, used 22449K [0x00000006c2c00000, 0x0000000800000000)
  region size 4096K, 1 young (4096K), 1 survivors (4096K)
 Metaspace       used 44386K, committed 44992K, reserved 1114112K
  class space    used 6012K, committed 6272K, reserved 1048576K
}
Event: 25.501 GC heap before
{Heap before GC invocations=15 (full 0):
 garbage-first heap   total reserved 5197824K, committed 45056K, used 34737K [0x00000006c2c00000, 0x0000000800000000)
  region size 4096K, 4 young (16384K), 1 survivors (4096K)
 Metaspace       used 47219K, committed 47744K, reserved 1114112K
  class space    used 6409K, committed 6656K, reserved 1048576K
}
Event: 25.506 GC heap after
{Heap after GC invocations=16 (full 0):
 garbage-first heap   total reserved 5197824K, committed 45056K, used 23084K [0x00000006c2c00000, 0x0000000800000000)
  region size 4096K, 1 young (4096K), 1 survivors (4096K)
 Metaspace       used 47219K, committed 47744K, reserved 1114112K
  class space    used 6409K, committed 6656K, reserved 1048576K
}
Event: 26.159 GC heap before
{Heap before GC invocations=16 (full 0):
 garbage-first heap   total reserved 5197824K, committed 45056K, used 31276K [0x00000006c2c00000, 0x0000000800000000)
  region size 4096K, 4 young (16384K), 1 survivors (4096K)
 Metaspace       used 51862K, committed 52480K, reserved 1114112K
  class space    used 7073K, committed 7360K, reserved 1048576K
}
Event: 26.166 GC heap after
{Heap after GC invocations=17 (full 0):
 garbage-first heap   total reserved 5197824K, committed 188416K, used 23601K [0x00000006c2c00000, 0x0000000800000000)
  region size 4096K, 1 young (4096K), 1 survivors (4096K)
 Metaspace       used 51862K, committed 52480K, reserved 1114112K
  class space    used 7073K, committed 7360K, reserved 1048576K
}
Event: 29.932 GC heap before
{Heap before GC invocations=18 (full 0):
 garbage-first heap   total reserved 5197824K, committed 98304K, used 76849K [0x00000006c2c00000, 0x0000000800000000)
  region size 4096K, 14 young (57344K), 1 survivors (4096K)
 Metaspace       used 62095K, committed 62848K, reserved 1114112K
  class space    used 8705K, committed 9024K, reserved 1048576K
}
Event: 29.946 GC heap after
{Heap after GC invocations=19 (full 0):
 garbage-first heap   total reserved 5197824K, committed 98304K, used 28755K [0x00000006c2c00000, 0x0000000800000000)
  region size 4096K, 2 young (8192K), 2 survivors (8192K)
 Metaspace       used 62095K, committed 62848K, reserved 1114112K
  class space    used 8705K, committed 9024K, reserved 1048576K
}

